{
						"timestamp":"2022-12-14 17:30:36",
						"host":"0:0:0:0:0:0:0:1",
						"accessIp":"0:0:0:0:0:0:0:1",
						"clientId":"-",
						"responseId":"-",
						"method":"POST",
						"status":"200",
						"path":"/access/post",
						"queryString":"",
						"protocol":"HTTP/1.1",
						"size":"24",
						"refererHeader":"-",
						"userAgentHeader":"Mozilla/5.0 (Windows NT 10.0; Win64; x64) AppleWebKit/537.36 (KHTML, like Gecko) Chrome/108.0.0.0 Safari/537.36",
						"responseTime":"16"
					}
{
						"timestamp":"2022-12-14 17:41:29",
						"host":"0:0:0:0:0:0:0:1",
						"accessIp":"0:0:0:0:0:0:0:1",
						"clientId":"-",
						"responseId":"-",
						"method":"POST",
						"status":"200",
						"path":"/access/post",
						"queryString":"",
						"protocol":"HTTP/1.1",
						"size":"24",
						"refererHeader":"-",
						"userAgentHeader":"Mozilla/5.0 (Windows NT 10.0; Win64; x64) AppleWebKit/537.36 (KHTML, like Gecko) Chrome/108.0.0.0 Safari/537.36",
						"responseTime":"8"
					}
{
						"timestamp":"2022-12-14 17:43:01",
						"host":"0:0:0:0:0:0:0:1",
						"accessIp":"0:0:0:0:0:0:0:1",
						"clientId":"-",
						"responseId":"-",
						"method":"POST",
						"status":"200",
						"path":"/access/post",
						"queryString":"",
						"protocol":"HTTP/1.1",
						"size":"24",
						"refererHeader":"-",
						"userAgentHeader":"Mozilla/5.0 (Windows NT 10.0; Win64; x64) AppleWebKit/537.36 (KHTML, like Gecko) Chrome/108.0.0.0 Safari/537.36",
						"responseTime":"5"
					}
