{
						"timestamp":"2022-12-14 16:49:30",
						"host":"0:0:0:0:0:0:0:1",
						"accessIp":"0:0:0:0:0:0:0:1",
						"clientId":"-",
						"responseId":"-",
						"method":"POST",
						"status":"400",
						"path":"/access/post",
						"queryString":"",
						"protocol":"HTTP/1.1",
						"size":"-",
						"refererHeader":"-",
						"userAgentHeader":"Mozilla/5.0 (Windows NT 10.0; Win64; x64) AppleWebKit/537.36 (KHTML, like Gecko) Chrome/108.0.0.0 Safari/537.36",
						"responseTime":"7"
					}
{
						"timestamp":"2022-12-14 16:51:05",
						"host":"0:0:0:0:0:0:0:1",
						"accessIp":"0:0:0:0:0:0:0:1",
						"clientId":"-",
						"responseId":"-",
						"method":"POST",
						"status":"200",
						"path":"/access/post",
						"queryString":"",
						"protocol":"HTTP/1.1",
						"size":"-",
						"refererHeader":"-",
						"userAgentHeader":"Mozilla/5.0 (Windows NT 10.0; Win64; x64) AppleWebKit/537.36 (KHTML, like Gecko) Chrome/108.0.0.0 Safari/537.36",
						"responseTime":"10"
					}
{
						"timestamp":"2022-12-14 17:20:03",
						"host":"0:0:0:0:0:0:0:1",
						"accessIp":"0:0:0:0:0:0:0:1",
						"clientId":"-",
						"responseId":"-",
						"method":"POST",
						"status":"200",
						"path":"/access/post",
						"queryString":"",
						"protocol":"HTTP/1.1",
						"size":"-",
						"refererHeader":"-",
						"userAgentHeader":"Mozilla/5.0 (Windows NT 10.0; Win64; x64) AppleWebKit/537.36 (KHTML, like Gecko) Chrome/108.0.0.0 Safari/537.36",
						"responseTime":"74"
					}
