{
                    "@timestamp":"2022-12-14 09:28:04",
                    "host":"0:0:0:0:0:0:0:1",
                    "accessIp":"0:0:0:0:0:0:0:1",
                    "LoginId":"-",
                    "firstValue":"POST /access/post HTTP/1.1",
                    "responseStatus": "400",
                    "referer":"-",
                    "userAgent":"Mozilla/5.0 (Windows NT 10.0; Win64; x64) AppleWebKit/537.36 (KHTML, like Gecko) Chrome/108.0.0.0 Safari/537.36",
	   			    "sendBite":"-",
                    "responseTime":"67"
                    }
{
						"timestamp":"2022-12-14 10:07:49",
						"host":"0:0:0:0:0:0:0:1",
						"accessIp":"0:0:0:0:0:0:0:1",
						"clientId":"-",
						"responseId":"-",
						"method":"POST",
						"status":"400",
						"path":"/access/post",
						"queryString":"",
						"protocol":"HTTP/1.1",
						"size":"-",
						"refererHeader":"-",
						"userAgentHeader":"Mozilla/5.0 (Windows NT 10.0; Win64; x64) AppleWebKit/537.36 (KHTML, like Gecko) Chrome/108.0.0.0 Safari/537.36",
						"responseTime":"4"
					}
